The scheduler has allocated the following nodes to this job:
blg9318
"/cvmfs/restricted.computecanada.ca/easybuild/software/2017/Core/matlab/2020a/bin/mw_mpiexec" -l -n 40 "/cvmfs/restricted.computecanada.ca/easybuild/software/2017/Core/matlab/2020a/bin/worker" -parallel
[5]     ----------------------------------------------------
[5] 	Your MATLAB license will expire in 40 days.
[5] 	Please contact your system administrator or
[5] 	MathWorks to renew this license.
[5]     ----------------------------------------------------
[12]     ----------------------------------------------------
[12] 	Your MATLAB license will expire in 40 days.
[12] 	Please contact your system administrator or
[12] 	MathWorks to renew this license.
[12]     ----------------------------------------------------
[2]     ----------------------------------------------------
[2] 	Your MATLAB license will expire in 40 days.
[2] 	Please contact your system administrator or
[2] 	MathWorks to renew this license.
[2]     ----------------------------------------------------
[32]     ----------------------------------------------------
[32] 	Your MATLAB license will expire in 40 days.
[32] 	Please contact your system administrator or
[32] 	MathWorks to renew this license.
[32]     ----------------------------------------------------
[27]     ----------------------------------------------------
[27] 	Your MATLAB license will expire in 40 days.
[27] 	Please contact your system administrator or
[27] 	MathWorks to renew this license.
[27]     ----------------------------------------------------
[36]     ----------------------------------------------------
[36] 	Your MATLAB license will expire in 40 days.
[36] 	Please contact your system administrator or
[36] 	MathWorks to renew this license.
[36]     ----------------------------------------------------
[34]     ----------------------------------------------------
[34] 	Your MATLAB license will expire in 40 days.
[34] 	Please contact your system administrator or
[34] 	MathWorks to renew this license.
[34]     ----------------------------------------------------
[1]     ----------------------------------------------------
[1] 	Your MATLAB license will expire in 40 days.
[1] 	Please contact your system administrator or
[1] 	MathWorks to renew this license.
[1]     ----------------------------------------------------
[16]     ----------------------------------------------------
[16] 	Your MATLAB license will expire in 40 days.
[16] 	Please contact your system administrator or
[16] 	MathWorks to renew this license.
[16]     ----------------------------------------------------
[30]     ----------------------------------------------------
[30] 	Your MATLAB license will expire in 40 days.
[30] 	Please contact your system administrator or
[30] 	MathWorks to renew this license.
[30]     ----------------------------------------------------
[23]     ----------------------------------------------------
[23] 	Your MATLAB license will expire in 40 days.
[23] 	Please contact your system administrator or
[23] 	MathWorks to renew this license.
[23]     ----------------------------------------------------
[29]     ----------------------------------------------------
[29] 	Your MATLAB license will expire in 40 days.
[29] 	Please contact your system administrator or
[29] 	MathWorks to renew this license.
[29]     ----------------------------------------------------
[35]     ----------------------------------------------------
[35] 	Your MATLAB license will expire in 40 days.
[35] 	Please contact your system administrator or
[35] 	MathWorks to renew this license.
[35]     ----------------------------------------------------
[13]     ----------------------------------------------------
[13] 	Your MATLAB license will expire in 40 days.
[13] 	Please contact your system administrator or
[13] 	MathWorks to renew this license.
[13]     ----------------------------------------------------
[38]     ----------------------------------------------------
[38] 	Your MATLAB license will expire in 40 days.
[38] 	Please contact your system administrator or
[38] 	MathWorks to renew this license.
[38]     ----------------------------------------------------
[20]     ----------------------------------------------------
[20] 	Your MATLAB license will expire in 40 days.
[20] 	Please contact your system administrator or
[20] 	MathWorks to renew this license.
[20]     ----------------------------------------------------
[33]     ----------------------------------------------------
[33] 	Your MATLAB license will expire in 40 days.
[33] 	Please contact your system administrator or
[33] 	MathWorks to renew this license.
[33]     ----------------------------------------------------
[19]     ----------------------------------------------------
[19] 	Your MATLAB license will expire in 40 days.
[19] 	Please contact your system administrator or
[19] 	MathWorks to renew this license.
[19]     ----------------------------------------------------
[28]     ----------------------------------------------------
[28] 	Your MATLAB license will expire in 40 days.
[28] 	Please contact your system administrator or
[28] 	MathWorks to renew this license.
[28]     ----------------------------------------------------
[15]     ----------------------------------------------------
[15] 	Your MATLAB license will expire in 40 days.
[15] 	Please contact your system administrator or
[15] 	MathWorks to renew this license.
[15]     ----------------------------------------------------
[26]     ----------------------------------------------------
[26] 	Your MATLAB license will expire in 40 days.
[26] 	Please contact your system administrator or
[26] 	MathWorks to renew this license.
[26]     ----------------------------------------------------
[8]     ----------------------------------------------------
[8] 	Your MATLAB license will expire in 40 days.
[8] 	Please contact your system administrator or
[8] 	MathWorks to renew this license.
[8]     ----------------------------------------------------
[9]     ----------------------------------------------------
[9] 	Your MATLAB license will expire in 40 days.
[9] 	Please contact your system administrator or
[9] 	MathWorks to renew this license.
[9]     ----------------------------------------------------
[39]     ----------------------------------------------------
[39] 	Your MATLAB license will expire in 40 days.
[39] 	Please contact your system administrator or
[39] 	MathWorks to renew this license.
[39]     ----------------------------------------------------
[10]     ----------------------------------------------------
[10] 	Your MATLAB license will expire in 40 days.
[10] 	Please contact your system administrator or
[10] 	MathWorks to renew this license.
[10]     ----------------------------------------------------
[17]     ----------------------------------------------------
[17] 	Your MATLAB license will expire in 40 days.
[17] 	Please contact your system administrator or
[17] 	MathWorks to renew this license.
[17]     ----------------------------------------------------
[0]     ----------------------------------------------------
[0] 	Your MATLAB license will expire in 40 days.
[0] 	Please contact your system administrator or
[0] 	MathWorks to renew this license.
[0]     ----------------------------------------------------
[37]     ----------------------------------------------------
[37] 	Your MATLAB license will expire in 40 days.
[37] 	Please contact your system administrator or
[37] 	MathWorks to renew this license.
[37]     ----------------------------------------------------
[14]     ----------------------------------------------------
[14] 	Your MATLAB license will expire in 40 days.
[14] 	Please contact your system administrator or
[14] 	MathWorks to renew this license.
[14]     ----------------------------------------------------
[22]     ----------------------------------------------------
[22] 	Your MATLAB license will expire in 40 days.
[22] 	Please contact your system administrator or
[22] 	MathWorks to renew this license.
[22]     ----------------------------------------------------
[31]     ----------------------------------------------------
[31] 	Your MATLAB license will expire in 40 days.
[31] 	Please contact your system administrator or
[31] 	MathWorks to renew this license.
[31]     ----------------------------------------------------
[21]     ----------------------------------------------------
[21] 	Your MATLAB license will expire in 40 days.
[21] 	Please contact your system administrator or
[21] 	MathWorks to renew this license.
[21]     ----------------------------------------------------
[4]     ----------------------------------------------------
[4] 	Your MATLAB license will expire in 40 days.
[4] 	Please contact your system administrator or
[4] 	MathWorks to renew this license.
[4]     ----------------------------------------------------
[18]     ----------------------------------------------------
[18] 	Your MATLAB license will expire in 40 days.
[18] 	Please contact your system administrator or
[18] 	MathWorks to renew this license.
[18]     ----------------------------------------------------
[6]     ----------------------------------------------------
[6] 	Your MATLAB license will expire in 40 days.
[6] 	Please contact your system administrator or
[6] 	MathWorks to renew this license.
[6]     ----------------------------------------------------
[11]     ----------------------------------------------------
[11] 	Your MATLAB license will expire in 40 days.
[11] 	Please contact your system administrator or
[11] 	MathWorks to renew this license.
[11]     ----------------------------------------------------
[7]     ----------------------------------------------------
[7] 	Your MATLAB license will expire in 40 days.
[7] 	Please contact your system administrator or
[7] 	MathWorks to renew this license.
[7]     ----------------------------------------------------
[25]     ----------------------------------------------------
[25] 	Your MATLAB license will expire in 40 days.
[25] 	Please contact your system administrator or
[25] 	MathWorks to renew this license.
[25]     ----------------------------------------------------
[3]     ----------------------------------------------------
[3] 	Your MATLAB license will expire in 40 days.
[3] 	Please contact your system administrator or
[3] 	MathWorks to renew this license.
[3]     ----------------------------------------------------
[24]     ----------------------------------------------------
[24] 	Your MATLAB license will expire in 40 days.
[24] 	Please contact your system administrator or
[24] 	MathWorks to renew this license.
[24]     ----------------------------------------------------
[0] Sending a stop signal to all the labs...
[0] 2021-03-21 15:03:59 | About to exit MATLAB normally
[0] 2021-03-21 15:03:59 | About to exit with code: 0
Exiting with code: 0
